<?xml version="1.0" encoding="UTF-8"?>
<!-- Generated by org.testng.reporters.JUnitReportReporter -->
<testsuite hostname="HSNMM-RamNiwas" name="Test.TestcLass" tests="1" failures="0" timestamp="10 Apr 2017 10:14:12 GMT" time="42.803" errors="0">
  <testcase name="flipkartPrice" time="42.803" classname="Test.TestcLass"/>
</testsuite> <!-- Test.TestcLass -->
