<?xml version="1.0" encoding="UTF-8"?>
<!-- Generated by org.testng.reporters.JUnitReportReporter -->
<testsuite hostname="HSNMM-RamNiwas"
	name="ProgramsPorblems.MergeArrywothoutthirdarray" tests="2" failures="0"
	timestamp="7 Feb 2017 17:41:14 GMT" time="0.000" errors="0">
	<testcase name="Test" time="0.000"
		classname="ProgramsPorblems.MergeArrywothoutthirdarray" />
	<testcase name="test7" time="0.000"
		classname="ProgramsPorblems.MergeArrywothoutthirdarray" />
</testsuite> <!-- ProgramsPorblems.MergeArrywothoutthirdarray -->
