<?xml version="1.0" encoding="UTF-8"?>
<!-- Generated by org.testng.reporters.JUnitReportReporter -->
<testsuite hostname="HSNMM-RamNiwas" name="com.test.ImageComparison" tests="1" failures="0" timestamp="21 Mar 2017 19:53:24 GMT" time="7.610" errors="0">
  <testcase name="testImageComparison" time="7.610" classname="com.test.ImageComparison"/>
</testsuite> <!-- com.test.ImageComparison -->
