<?xml version="1.0" encoding="UTF-8"?>
<!-- Generated by org.testng.reporters.JUnitReportReporter -->
<testsuite hostname="HSNMM-RamNiwas" name="jsonManupulation.comparejsonswithDiffertnOrder" tests="1" failures="0" timestamp="17 Apr 2017 17:28:02 GMT" time="0.050" errors="0">
  <testcase name="comparejsonswithDiffertnOrder2" time="0.050" classname="jsonManupulation.comparejsonswithDiffertnOrder"/>
</testsuite> <!-- jsonManupulation.comparejsonswithDiffertnOrder -->
