<?xml version="1.0" encoding="UTF-8"?>
<!-- Generated by org.testng.reporters.JUnitReportReporter -->
<testsuite hostname="HSNMM-RamNiwas" name="ProgramsPorblems.BrokenLinksWebPage" tests="1" failures="0" timestamp="24 Feb 2017 17:03:50 GMT" time="22.286" errors="0">
  <testcase name="validateInvalidLinks" time="22.286" classname="ProgramsPorblems.BrokenLinksWebPage"/>
</testsuite> <!-- ProgramsPorblems.BrokenLinksWebPage -->
