<?xml version="1.0" encoding="UTF-8"?>
<!-- Generated by org.testng.reporters.JUnitReportReporter -->
<testsuite hostname="HSNMM-RamNiwas" name="ProgramsPorblems.FactoryTest"
	tests="2" failures="0" timestamp="31 Jan 2017 21:32:09 GMT" time="0.010"
	errors="0">
	<testcase name="testMethod" time="0.000"
		classname="ProgramsPorblems.FactoryTest" />
	<testcase name="testMethod" time="0.010"
		classname="ProgramsPorblems.FactoryTest" />
</testsuite> <!-- ProgramsPorblems.FactoryTest -->
