<?xml version="1.0" encoding="UTF-8"?>
<!-- Generated by org.testng.reporters.JUnitReportReporter -->
<testsuite hostname="HSN-AMITB" name="src.GCFreebieTest" tests="1" failures="0" timestamp="26 Nov 2015 09:32:57 GMT" time="1135.983" errors="0">
  <testcase name="gcFreebieCheck" time="1135.983" classname="src.GCFreebieTest"/>
</testsuite> <!-- src.GCFreebieTest -->
