<?xml version="1.0" encoding="UTF-8"?>
<!-- Generated by org.testng.reporters.JUnitReportReporter -->
<testsuite hostname="HSNMM-AbhishekB" name="src.suborderFreightCost" tests="1" failures="0" timestamp="23 Dec 2016 11:31:43 GMT" time="0.662" errors="0">
  <testcase name="freightCost" time="0.662" classname="src.suborderFreightCost"/>
</testsuite> <!-- src.suborderFreightCost -->
