<?xml version="1.0" encoding="UTF-8"?>
<!-- Generated by org.testng.reporters.JUnitReportReporter -->
<testsuite hostname="HSNMM-AbhishekB" name="src.CourierTrackDataCreation" tests="3" failures="0" timestamp="14 Feb 2017 11:21:28 GMT" time="71.572" errors="0">
  <testcase name="NDR" time="0.003" classname="src.CourierTrackDataCreation"/>
  <testcase name="forwardCourier" time="71.568" classname="src.CourierTrackDataCreation"/>
  <testcase name="Reverse" time="0.001" classname="src.CourierTrackDataCreation"/>
</testsuite> <!-- src.CourierTrackDataCreation -->
