<?xml version="1.0" encoding="UTF-8"?>
<!-- Generated by org.testng.reporters.JUnitReportReporter -->
<testsuite hostname="HSNMM-AbhishekB" name="src.LogisticData" tests="1" failures="0" timestamp="14 Feb 2017 11:25:01 GMT" time="184.741" errors="0">
  <testcase name="Logisticdata" time="184.741" classname="src.LogisticData"/>
</testsuite> <!-- src.LogisticData -->
