<?xml version="1.0" encoding="UTF-8"?>
<!-- Generated by org.testng.reporters.JUnitReportReporter -->
<testsuite hostname="HSNMM-AbhishekB" name="src.LogicticData" tests="1" failures="0" timestamp="22 Jul 2016 10:34:30 GMT" time="130.892" errors="0">
  <testcase name="Logisticdata" time="130.892" classname="src.LogicticData"/>
</testsuite> <!-- src.LogicticData -->
