<?xml version="1.0" encoding="UTF-8"?>
<!-- Generated by org.testng.reporters.JUnitReportReporter -->
<testsuite hostname="HSNMM-RamNiwas" name="com.hs18.TestDataCreation.CMSTestDataCreation" tests="1" failures="0" timestamp="27 Feb 2017 09:01:30 GMT" time="164.219" errors="0">
  <testcase name="CMSDataCreation" time="164.219" classname="com.hs18.TestDataCreation.CMSTestDataCreation"/>
</testsuite> <!-- com.hs18.TestDataCreation.CMSTestDataCreation -->
