<?xml version="1.0" encoding="UTF-8"?>
<!-- Generated by org.testng.reporters.JUnitReportReporter -->
<testsuite hostname="HSN-AMITB" name="com.hs18.Test.Android.AndroidCODTest" tests="1" failures="0" timestamp="22 May 2016 12:12:28 GMT" time="106.309" errors="0">
  <testcase name="codBooking" time="106.309" classname="com.hs18.Test.Android.AndroidCODTest"/>
</testsuite> <!-- com.hs18.Test.Android.AndroidCODTest -->
