<?xml version="1.0" encoding="UTF-8"?>
<!-- Generated by org.testng.reporters.JUnitReportReporter -->
<testsuite hostname="HSNMM-RamNiwas" name="com.hs18.Test.CRM.OrderBookingTest" tests="2" failures="0" timestamp="9 Feb 2017 06:56:43 GMT" time="14.264" errors="0">
  <testcase name="callernoTest" time="11.356" classname="com.hs18.Test.CRM.OrderBookingTest"/>
  <testcase name="searchProductTest" time="2.908" classname="com.hs18.Test.CRM.OrderBookingTest"/>
</testsuite> <!-- com.hs18.Test.CRM.OrderBookingTest -->
