<?xml version="1.0" encoding="UTF-8"?>
<!-- Generated by org.testng.reporters.JUnitReportReporter -->
<testsuite hostname="HSNMM-RamNiwas" name="com.hs18.TestDataCreation.BulkOrderCreation" tests="1" failures="0" timestamp="19 Apr 2017 16:48:33 GMT" time="9.996" errors="0">
  <testcase name="createBulkOrders" time="9.996" classname="com.hs18.TestDataCreation.BulkOrderCreation"/>
</testsuite> <!-- com.hs18.TestDataCreation.BulkOrderCreation -->
