<?xml version="1.0" encoding="UTF-8"?>
<!-- Generated by org.testng.reporters.JUnitReportReporter -->
<testsuite hostname="HSN-AMITB" name="src.TestClass" tests="1" failures="0" timestamp="8 Jun 2015 06:08:03 GMT" time="12.013" errors="0">
  <testcase name="calTest" time="12.013" classname="src.TestClass"/>
</testsuite> <!-- src.TestClass -->
