<?xml version="1.0" encoding="UTF-8"?>
<!-- Generated by org.testng.reporters.JUnitReportReporter -->
<testsuite hostname="HSNMM-RamNiwas" name="src.LogicticData" tests="1" failures="0" timestamp="23 Nov 2016 12:02:43 GMT" time="79.431" errors="0">
  <testcase name="Logisticdata" time="79.431" classname="src.LogicticData"/>
</testsuite> <!-- src.LogicticData -->
