<?xml version="1.0" encoding="UTF-8"?>
<!-- Generated by org.testng.reporters.JUnitReportReporter -->
<testsuite hostname="HSNMM-RamNiwas" name="src.suborderFreightCost" tests="1" failures="0" timestamp="23 Dec 2016 13:19:36 GMT" time="0.558" errors="0">
  <testcase name="freightCost" time="0.558" classname="src.suborderFreightCost"/>
</testsuite> <!-- src.suborderFreightCost -->
