<?xml version="1.0" encoding="UTF-8"?>
<!-- Generated by org.testng.reporters.JUnitReportReporter -->
<testsuite hostname="HSNMM-RamNiwas" name="src.CourierTrackDataCreation" tests="3" failures="0" timestamp="17 Mar 2017 09:43:38 GMT" time="10.242" errors="0">
  <testcase name="Reverse" time="0.000" classname="src.CourierTrackDataCreation"/>
  <testcase name="forwardCourier" time="10.227" classname="src.CourierTrackDataCreation"/>
  <testcase name="NDR" time="0.015" classname="src.CourierTrackDataCreation"/>
</testsuite> <!-- src.CourierTrackDataCreation -->
